::1 - - [13/Feb/2024:18:58:52 -0600] "GET / HTTP/1.1" 200 13834
::1 - - [13/Feb/2024:18:58:53 -0600] "GET /favicon.ico HTTP/1.1" 404 196
127.0.0.1 - - [13/Feb/2024:18:59:10 -0600] "GET / HTTP/1.1" 200 13834
127.0.0.1 - - [13/Feb/2024:18:59:11 -0600] "GET /favicon.ico HTTP/1.1" 404 196
::1 - - [13/Feb/2024:18:59:27 -0600] "GET / HTTP/1.1" 304 -
::1 - - [13/Feb/2024:19:02:57 -0600] "GET /80/webpage1 HTTP/1.1" 404 196
::1 - - [13/Feb/2024:19:03:42 -0600] "GET /webpage1.html HTTP/1.1" 404 196
::1 - - [13/Feb/2024:19:04:32 -0600] "GET /subdir/webpage1.html HTTP/1.1" 404 196
127.0.0.1 - - [13/Feb/2024:19:08:31 -0600] "GET / HTTP/1.1" 304 -
::1 - - [13/Feb/2024:19:08:37 -0600] "GET / HTTP/1.1" 304 -
::1 - - [13/Feb/2024:19:09:00 -0600] "GET /subdir/webpage1.html HTTP/1.1" 404 196
::1 - - [13/Feb/2024:19:09:07 -0600] "GET /webpage1.html HTTP/1.1" 200 1688
::1 - - [13/Feb/2024:19:09:07 -0600] "GET /css/test.css HTTP/1.1" 404 196
::1 - - [13/Feb/2024:19:09:16 -0600] "GET /test3.html HTTP/1.1" 200 2090
::1 - - [18/Feb/2024:11:19:47 -0600] "GET /webpage1.html HTTP/1.1" 304 -
::1 - - [18/Feb/2024:11:19:47 -0600] "GET /css/test.css HTTP/1.1" 404 196
::1 - - [18/Feb/2024:11:19:47 -0600] "GET /favicon.ico HTTP/1.1" 404 196
::1 - - [18/Feb/2024:11:20:14 -0600] "GET /fourthlesson.html HTTP/1.1" 200 1156
::1 - - [18/Feb/2024:11:20:14 -0600] "GET /student.js HTTP/1.1" 200 722
::1 - - [18/Feb/2024:11:25:08 -0600] "GET /fourthlesson.html HTTP/1.1" 200 1224
::1 - - [18/Feb/2024:11:25:08 -0600] "GET /student.js HTTP/1.1" 304 -
::1 - - [18/Feb/2024:11:27:14 -0600] "GET /fourthlesson.html HTTP/1.1" 200 1220
::1 - - [18/Feb/2024:11:27:15 -0600] "GET /student.js HTTP/1.1" 200 1096
::1 - - [20/Feb/2024:18:59:35 -0600] "GET /fourthlesson.html HTTP/1.1" 304 -
::1 - - [20/Feb/2024:18:59:35 -0600] "GET /student.js HTTP/1.1" 200 1080
::1 - - [20/Feb/2024:18:59:37 -0600] "GET /favicon.ico HTTP/1.1" 404 196
::1 - - [20/Feb/2024:19:00:14 -0600] "GET /fourthlesson.html HTTP/1.1" 304 -
::1 - - [20/Feb/2024:19:02:42 -0600] "GET /fourthlesson.html HTTP/1.1" 304 -
::1 - - [20/Feb/2024:19:02:42 -0600] "GET /student.js HTTP/1.1" 200 794
::1 - - [20/Feb/2024:19:03:06 -0600] "GET /fourthlesson.html HTTP/1.1" 304 -
::1 - - [20/Feb/2024:19:03:06 -0600] "GET /student.js HTTP/1.1" 304 -
::1 - - [20/Feb/2024:19:04:35 -0600] "GET /fourthlesson.html HTTP/1.1" 304 -
::1 - - [20/Feb/2024:19:04:35 -0600] "GET /student.js HTTP/1.1" 200 809
::1 - - [20/Feb/2024:19:09:45 -0600] "GET /student.js HTTP/1.1" 304 -
::1 - - [20/Feb/2024:19:09:58 -0600] "GET /restservice.html HTTP/1.1" 404 196
::1 - - [20/Feb/2024:19:10:27 -0600] "GET /servicerest.html HTTP/1.1" 200 753
::1 - - [20/Feb/2024:19:10:27 -0600] "GET /services2.js HTTP/1.1" 200 1072
::1 - - [03/Mar/2024:12:59:34 -0600] "GET /webpage1.html HTTP/1.1" 200 1688
::1 - - [03/Mar/2024:12:59:34 -0600] "GET /css/test.css HTTP/1.1" 404 196
::1 - - [03/Mar/2024:12:59:34 -0600] "GET /favicon.ico HTTP/1.1" 404 196
::1 - - [03/Mar/2024:12:59:43 -0600] "GET /webpage1.html HTTP/1.1" 304 -
::1 - - [03/Mar/2024:12:59:43 -0600] "GET /css/test.css HTTP/1.1" 404 196
::1 - - [03/Mar/2024:12:59:45 -0600] "GET /webpage1.html HTTP/1.1" 304 -
::1 - - [03/Mar/2024:12:59:45 -0600] "GET /css/test.css HTTP/1.1" 404 196
::1 - - [03/Mar/2024:12:59:52 -0600] "GET /fourthlesson.html HTTP/1.1" 200 1220
::1 - - [03/Mar/2024:12:59:52 -0600] "GET /student.js HTTP/1.1" 200 809
::1 - - [03/Mar/2024:13:00:59 -0600] "GET /fourthlesson.html HTTP/1.1" 304 -
::1 - - [03/Mar/2024:13:01:02 -0600] "GET /fourthlesson.html HTTP/1.1" 304 -
::1 - - [03/Mar/2024:13:01:11 -0600] "GET /index.html HTTP/1.1" 200 13834
::1 - - [03/Mar/2024:13:03:36 -0600] "GET /favicon.ico HTTP/1.1" 404 196
127.0.0.1 - - [03/Mar/2024:13:05:37 -0600] "GET / HTTP/1.1" 200 13834
127.0.0.1 - - [03/Mar/2024:13:05:37 -0600] "GET /favicon.ico HTTP/1.1" 404 196
127.0.0.1 - - [03/Mar/2024:13:05:53 -0600] "GET /index.html HTTP/1.1" 200 13834
::1 - - [03/Mar/2024:13:07:59 -0600] "GET /index.html HTTP/1.1" 304 -
::1 - - [03/Mar/2024:13:09:14 -0600] "GET /fourthlesson.html HTTP/1.1" 304 -
::1 - - [03/Mar/2024:13:09:20 -0600] "GET /form.html HTTP/1.1" 200 9291
::1 - - [03/Mar/2024:13:09:20 -0600] "GET /item.js HTTP/1.1" 200 953
::1 - - [03/Mar/2024:13:09:20 -0600] "GET /images/banner.jpg HTTP/1.1" 404 196
::1 - - [03/Mar/2024:13:11:56 -0600] "GET /fourthlesson.html HTTP/1.1" 404 196
::1 - - [03/Mar/2024:13:12:07 -0600] "GET /index.html HTTP/1.1" 200 7937
::1 - - [03/Mar/2024:13:12:07 -0600] "GET /css/vendor.css HTTP/1.1" 200 31813
::1 - - [03/Mar/2024:13:12:07 -0600] "GET /style.css HTTP/1.1" 200 10574
::1 - - [03/Mar/2024:13:12:07 -0600] "GET /plugins/bootstrap-5.1.3/css/bootstrap.min.css HTTP/1.1" 200 163873
::1 - - [03/Mar/2024:13:12:07 -0600] "GET /images/logo-color.png HTTP/1.1" 200 10833
::1 - - [03/Mar/2024:13:12:07 -0600] "GET /images/banner.jpg HTTP/1.1" 200 1888177
::1 - - [03/Mar/2024:13:12:07 -0600] "GET /js/modernizr.js HTTP/1.1" 200 15418
::1 - - [03/Mar/2024:13:12:07 -0600] "GET /js/jquery-1.11.0.min.js HTTP/1.1" 200 96383
::1 - - [03/Mar/2024:13:12:07 -0600] "GET /js/script.js HTTP/1.1" 200 3225
::1 - - [03/Mar/2024:13:12:07 -0600] "GET /images/logo.png HTTP/1.1" 200 168464
::1 - - [03/Mar/2024:13:12:07 -0600] "GET /plugins/bootstrap-5.1.3/js/bootstrap.bundle.min.js HTTP/1.1" 200 78129
::1 - - [03/Mar/2024:13:12:07 -0600] "GET /js/plugins.js HTTP/1.1" 200 42847
::1 - - [03/Mar/2024:13:12:10 -0600] "GET /form.html HTTP/1.1" 304 -
::1 - - [03/Mar/2024:13:12:11 -0600] "GET /item.js HTTP/1.1" 304 -
